build/app/intermediates/manifest_merge_blame_file/debug/manifest-merger-blame-debug-report.txt
1<?xml version="1.0" encoding="utf-8"?>
2<manifest xmlns:android="http://schemas.android.com/apk/res/android"
3    package="com.sakuraschoolgames.sakuralifestoryschool"
4    android:versionCode="1"
5    android:versionName="1.0.0" >
6
7    <uses-sdk
8        android:minSdkVersion="21"
9        android:targetSdkVersion="33" />
10    <!--
11         The INTERNET permission is required for development. Specifically,
12         the Flutter tool needs it to communicate with the running application
13         to allow setting breakpoints, to provide hot reload, etc.
14    -->
15    <uses-permission android:name="android.permission.INTERNET" />
15-->src\debug\AndroidManifest.xml:6:5-66
15-->src\debug\AndroidManifest.xml:6:22-64
16    <uses-permission android:name="android.permission.ACCESS_NETWORK_STATE" />
16-->[com.google.android.exoplayer:exoplayer-core:2.18.6] AndroidManifest.xml:24:5-79
16-->[com.google.android.exoplayer:exoplayer-core:2.18.6] AndroidManifest.xml:24:22-76
17
18    <queries>
18-->[com.applovin:applovin-sdk:11.9.0] AndroidManifest.xml:11:5-15:15
19        <intent>
19-->[com.applovin:applovin-sdk:11.9.0] AndroidManifest.xml:12:9-14:18
20            <action android:name="com.applovin.am.intent.action.APPHUB_SERVICE" />
20-->[com.applovin:applovin-sdk:11.9.0] AndroidManifest.xml:13:13-83
20-->[com.applovin:applovin-sdk:11.9.0] AndroidManifest.xml:13:21-80
21        </intent>
22    </queries>
23
24    <uses-permission android:name="com.google.android.gms.permission.AD_ID" />
24-->[com.applovin:applovin-sdk:11.9.0] AndroidManifest.xml:19:5-79
24-->[com.applovin:applovin-sdk:11.9.0] AndroidManifest.xml:19:22-76
25    <uses-permission android:name="com.applovin.array.apphub.permission.BIND_APPHUB_SERVICE" /> <!-- Permissions required by Open Measurement SDK -->
25-->[com.applovin:applovin-sdk:11.9.0] AndroidManifest.xml:20:5-96
25-->[com.applovin:applovin-sdk:11.9.0] AndroidManifest.xml:20:22-93
26    <uses-permission android:name="android.permission.ACCESS_WIFI_STATE" />
26-->[com.applovin:applovin-sdk:11.9.0] AndroidManifest.xml:23:5-76
26-->[com.applovin:applovin-sdk:11.9.0] AndroidManifest.xml:23:22-73
27
28    <application
29        android:name="io.flutter.app.FlutterMultiDexApplication"
30        android:appComponentFactory="androidx.core.app.CoreComponentFactory"
30-->[androidx.core:core:1.7.0] AndroidManifest.xml:24:18-86
31        android:debuggable="true"
32        android:icon="@mipmap/ic_launcher"
33        android:label="Sakura Life Story School"
34        android:usesCleartextTraffic="true" >
35        <activity
36            android:name="com.sakuraschoolgames.sakuralifestoryschool.MainActivity"
37            android:configChanges="orientation|keyboardHidden|keyboard|screenSize|smallestScreenSize|locale|layoutDirection|fontScale|screenLayout|density|uiMode"
38            android:exported="true"
39            android:hardwareAccelerated="true"
40            android:launchMode="singleTop"
41            android:theme="@style/LaunchTheme"
42            android:windowSoftInputMode="adjustResize" >
43
44            <!--
45                 Specifies an Android theme to apply to this Activity as soon as
46                 the Android process has started. This theme is visible to the user
47                 while the Flutter UI initializes. After that, this theme continues
48                 to determine the Window background behind the Flutter UI.
49            -->
50            <meta-data
51                android:name="io.flutter.embedding.android.NormalTheme"
52                android:resource="@style/NormalTheme" />
53
54            <intent-filter>
55                <action android:name="android.intent.action.MAIN" />
56
57                <category android:name="android.intent.category.LAUNCHER" />
58            </intent-filter>
59        </activity>
60        <!--
61             Don't delete the meta-data below.
62             This is used by the Flutter tool to generate GeneratedPluginRegistrant.java
63        -->
64        <meta-data
65            android:name="flutterEmbedding"
66            android:value="2" />
67
68        <activity
68-->[:url_launcher_android] AndroidManifest.xml:10:9-13:74
69            android:name="io.flutter.plugins.urllauncher.WebViewActivity"
69-->[:url_launcher_android] AndroidManifest.xml:11:13-74
70            android:exported="false"
70-->[:url_launcher_android] AndroidManifest.xml:12:13-37
71            android:theme="@android:style/Theme.NoTitleBar.Fullscreen" />
71-->[:url_launcher_android] AndroidManifest.xml:13:13-71
72
73        <provider
73-->[:share] AndroidManifest.xml:10:9-18:20
74            android:name="io.flutter.plugins.share.ShareFileProvider"
74-->[:share] AndroidManifest.xml:11:13-70
75            android:authorities="com.sakuraschoolgames.sakuralifestoryschool.flutter.share_provider"
75-->[:share] AndroidManifest.xml:12:13-74
76            android:exported="false"
76-->[:share] AndroidManifest.xml:13:13-37
77            android:grantUriPermissions="true" >
77-->[:share] AndroidManifest.xml:14:13-47
78            <meta-data
78-->[:share] AndroidManifest.xml:15:13-17:68
79                android:name="android.support.FILE_PROVIDER_PATHS"
79-->[:share] AndroidManifest.xml:16:17-67
80                android:resource="@xml/flutter_share_file_paths" />
80-->[:share] AndroidManifest.xml:17:17-65
81        </provider>
82
83        <uses-library
83-->[androidx.window:window:1.0.0-beta04] AndroidManifest.xml:25:9-27:40
84            android:name="androidx.window.extensions"
84-->[androidx.window:window:1.0.0-beta04] AndroidManifest.xml:26:13-54
85            android:required="false" />
85-->[androidx.window:window:1.0.0-beta04] AndroidManifest.xml:27:13-37
86        <uses-library
86-->[androidx.window:window:1.0.0-beta04] AndroidManifest.xml:28:9-30:40
87            android:name="androidx.window.sidecar"
87-->[androidx.window:window:1.0.0-beta04] AndroidManifest.xml:29:13-51
88            android:required="false" />
88-->[androidx.window:window:1.0.0-beta04] AndroidManifest.xml:30:13-37
89
90        <provider
90-->[com.applovin:applovin-sdk:11.9.0] AndroidManifest.xml:26:9-30:39
91            android:name="com.applovin.sdk.AppLovinInitProvider"
91-->[com.applovin:applovin-sdk:11.9.0] AndroidManifest.xml:27:13-65
92            android:authorities="com.sakuraschoolgames.sakuralifestoryschool.applovininitprovider"
92-->[com.applovin:applovin-sdk:11.9.0] AndroidManifest.xml:28:13-72
93            android:exported="false"
93-->[com.applovin:applovin-sdk:11.9.0] AndroidManifest.xml:29:13-37
94            android:initOrder="101" /> <!-- Init order is 101 so we're before Firebase/Google which uses 100 -->
94-->[com.applovin:applovin-sdk:11.9.0] AndroidManifest.xml:30:13-36
95        <activity
95-->[com.applovin:applovin-sdk:11.9.0] AndroidManifest.xml:32:9-38:50
96            android:name="com.applovin.adview.AppLovinFullscreenActivity"
96-->[com.applovin:applovin-sdk:11.9.0] AndroidManifest.xml:33:13-74
97            android:configChanges="fontScale|keyboard|keyboardHidden|locale|orientation|screenLayout|screenSize|smallestScreenSize|uiMode"
97-->[com.applovin:applovin-sdk:11.9.0] AndroidManifest.xml:34:13-139
98            android:exported="false"
98-->[com.applovin:applovin-sdk:11.9.0] AndroidManifest.xml:35:13-37
99            android:hardwareAccelerated="true"
99-->[com.applovin:applovin-sdk:11.9.0] AndroidManifest.xml:36:13-47
100            android:launchMode="singleTop"
100-->[com.applovin:applovin-sdk:11.9.0] AndroidManifest.xml:37:13-43
101            android:screenOrientation="behind" />
101-->[com.applovin:applovin-sdk:11.9.0] AndroidManifest.xml:38:13-47
102        <activity
102-->[com.applovin:applovin-sdk:11.9.0] AndroidManifest.xml:39:9-41:142
103            android:name="com.applovin.sdk.AppLovinWebViewActivity"
103-->[com.applovin:applovin-sdk:11.9.0] AndroidManifest.xml:40:13-68
104            android:configChanges="fontScale|keyboard|keyboardHidden|locale|orientation|screenLayout|screenSize|smallestScreenSize|uiMode" /> <!-- Hybrid Ad Activities -->
104-->[com.applovin:applovin-sdk:11.9.0] AndroidManifest.xml:41:13-139
105        <activity
105-->[com.applovin:applovin-sdk:11.9.0] AndroidManifest.xml:44:9-46:142
106            android:name="com.applovin.mediation.hybridAds.MaxHybridMRecAdActivity"
106-->[com.applovin:applovin-sdk:11.9.0] AndroidManifest.xml:45:13-84
107            android:configChanges="fontScale|keyboard|keyboardHidden|locale|orientation|screenLayout|screenSize|smallestScreenSize|uiMode" />
107-->[com.applovin:applovin-sdk:11.9.0] AndroidManifest.xml:46:13-139
108        <activity
108-->[com.applovin:applovin-sdk:11.9.0] AndroidManifest.xml:47:9-49:142
109            android:name="com.applovin.mediation.hybridAds.MaxHybridNativeAdActivity"
109-->[com.applovin:applovin-sdk:11.9.0] AndroidManifest.xml:48:13-86
110            android:configChanges="fontScale|keyboard|keyboardHidden|locale|orientation|screenLayout|screenSize|smallestScreenSize|uiMode" /> <!-- Mediation Debugger Activities -->
110-->[com.applovin:applovin-sdk:11.9.0] AndroidManifest.xml:49:13-139
111        <activity
111-->[com.applovin:applovin-sdk:11.9.0] AndroidManifest.xml:52:9-55:87
112            android:name="com.applovin.mediation.MaxDebuggerActivity"
112-->[com.applovin:applovin-sdk:11.9.0] AndroidManifest.xml:53:13-70
113            android:configChanges="fontScale|keyboard|keyboardHidden|locale|orientation|screenLayout|screenSize|smallestScreenSize|uiMode"
113-->[com.applovin:applovin-sdk:11.9.0] AndroidManifest.xml:54:13-139
114            android:theme="@style/com.applovin.mediation.MaxDebuggerActivity.Theme" />
114-->[com.applovin:applovin-sdk:11.9.0] AndroidManifest.xml:55:13-84
115        <activity
115-->[com.applovin:applovin-sdk:11.9.0] AndroidManifest.xml:56:9-59:87
116            android:name="com.applovin.mediation.MaxDebuggerDetailActivity"
116-->[com.applovin:applovin-sdk:11.9.0] AndroidManifest.xml:57:13-76
117            android:configChanges="fontScale|keyboard|keyboardHidden|locale|orientation|screenLayout|screenSize|smallestScreenSize|uiMode"
117-->[com.applovin:applovin-sdk:11.9.0] AndroidManifest.xml:58:13-139
118            android:theme="@style/com.applovin.mediation.MaxDebuggerActivity.Theme" />
118-->[com.applovin:applovin-sdk:11.9.0] AndroidManifest.xml:59:13-84
119        <activity
119-->[com.applovin:applovin-sdk:11.9.0] AndroidManifest.xml:60:9-63:87
120            android:name="com.applovin.mediation.MaxDebuggerMultiAdActivity"
120-->[com.applovin:applovin-sdk:11.9.0] AndroidManifest.xml:61:13-77
121            android:configChanges="fontScale|keyboard|keyboardHidden|locale|orientation|screenLayout|screenSize|smallestScreenSize|uiMode"
121-->[com.applovin:applovin-sdk:11.9.0] AndroidManifest.xml:62:13-139
122            android:theme="@style/com.applovin.mediation.MaxDebuggerActivity.Theme" />
122-->[com.applovin:applovin-sdk:11.9.0] AndroidManifest.xml:63:13-84
123        <activity
123-->[com.applovin:applovin-sdk:11.9.0] AndroidManifest.xml:64:9-67:87
124            android:name="com.applovin.mediation.MaxDebuggerAdUnitsListActivity"
124-->[com.applovin:applovin-sdk:11.9.0] AndroidManifest.xml:65:13-81
125            android:configChanges="fontScale|keyboard|keyboardHidden|locale|orientation|screenLayout|screenSize|smallestScreenSize|uiMode"
125-->[com.applovin:applovin-sdk:11.9.0] AndroidManifest.xml:66:13-139
126            android:theme="@style/com.applovin.mediation.MaxDebuggerActivity.Theme" />
126-->[com.applovin:applovin-sdk:11.9.0] AndroidManifest.xml:67:13-84
127        <activity
127-->[com.applovin:applovin-sdk:11.9.0] AndroidManifest.xml:68:9-71:87
128            android:name="com.applovin.mediation.MaxDebuggerAdUnitDetailActivity"
128-->[com.applovin:applovin-sdk:11.9.0] AndroidManifest.xml:69:13-82
129            android:configChanges="fontScale|keyboard|keyboardHidden|locale|orientation|screenLayout|screenSize|smallestScreenSize|uiMode"
129-->[com.applovin:applovin-sdk:11.9.0] AndroidManifest.xml:70:13-139
130            android:theme="@style/com.applovin.mediation.MaxDebuggerActivity.Theme" />
130-->[com.applovin:applovin-sdk:11.9.0] AndroidManifest.xml:71:13-84
131        <activity
131-->[com.applovin:applovin-sdk:11.9.0] AndroidManifest.xml:72:9-75:87
132            android:name="com.applovin.mediation.MaxDebuggerTestLiveNetworkActivity"
132-->[com.applovin:applovin-sdk:11.9.0] AndroidManifest.xml:73:13-85
133            android:configChanges="fontScale|keyboard|keyboardHidden|locale|orientation|screenLayout|screenSize|smallestScreenSize|uiMode"
133-->[com.applovin:applovin-sdk:11.9.0] AndroidManifest.xml:74:13-139
134            android:theme="@style/com.applovin.mediation.MaxDebuggerActivity.Theme" />
134-->[com.applovin:applovin-sdk:11.9.0] AndroidManifest.xml:75:13-84
135        <activity
135-->[com.applovin:applovin-sdk:11.9.0] AndroidManifest.xml:76:9-79:87
136            android:name="com.applovin.mediation.MaxDebuggerTestModeNetworkActivity"
136-->[com.applovin:applovin-sdk:11.9.0] AndroidManifest.xml:77:13-85
137            android:configChanges="fontScale|keyboard|keyboardHidden|locale|orientation|screenLayout|screenSize|smallestScreenSize|uiMode"
137-->[com.applovin:applovin-sdk:11.9.0] AndroidManifest.xml:78:13-139
138            android:theme="@style/com.applovin.mediation.MaxDebuggerActivity.Theme" />
138-->[com.applovin:applovin-sdk:11.9.0] AndroidManifest.xml:79:13-84
139        <activity
139-->[com.applovin:applovin-sdk:11.9.0] AndroidManifest.xml:80:9-83:91
140            android:name="com.applovin.creative.MaxCreativeDebuggerActivity"
140-->[com.applovin:applovin-sdk:11.9.0] AndroidManifest.xml:81:13-77
141            android:configChanges="fontScale|keyboard|keyboardHidden|locale|orientation|screenLayout|screenSize|smallestScreenSize|uiMode"
141-->[com.applovin:applovin-sdk:11.9.0] AndroidManifest.xml:82:13-139
142            android:theme="@style/com.applovin.creative.CreativeDebuggerActivity.Theme" />
142-->[com.applovin:applovin-sdk:11.9.0] AndroidManifest.xml:83:13-88
143        <activity
143-->[com.applovin:applovin-sdk:11.9.0] AndroidManifest.xml:84:9-87:91
144            android:name="com.applovin.creative.MaxCreativeDebuggerDisplayedAdActivity"
144-->[com.applovin:applovin-sdk:11.9.0] AndroidManifest.xml:85:13-88
145            android:configChanges="fontScale|keyboard|keyboardHidden|locale|orientation|screenLayout|screenSize|smallestScreenSize|uiMode"
145-->[com.applovin:applovin-sdk:11.9.0] AndroidManifest.xml:86:13-139
146            android:theme="@style/com.applovin.creative.CreativeDebuggerActivity.Theme" /> <!-- Services -->
146-->[com.applovin:applovin-sdk:11.9.0] AndroidManifest.xml:87:13-88
147        <service
147-->[com.applovin:applovin-sdk:11.9.0] AndroidManifest.xml:90:9-93:44
148            android:name="com.applovin.impl.sdk.utils.AppKilledService"
148-->[com.applovin:applovin-sdk:11.9.0] AndroidManifest.xml:91:13-72
149            android:exported="false"
149-->[com.applovin:applovin-sdk:11.9.0] AndroidManifest.xml:92:13-37
150            android:stopWithTask="false" />
150-->[com.applovin:applovin-sdk:11.9.0] AndroidManifest.xml:93:13-41
151        <service
151-->[com.applovin:applovin-sdk:11.9.0] AndroidManifest.xml:94:9-97:44
152            android:name="com.applovin.impl.adview.activity.FullscreenAdService"
152-->[com.applovin:applovin-sdk:11.9.0] AndroidManifest.xml:95:13-81
153            android:exported="false"
153-->[com.applovin:applovin-sdk:11.9.0] AndroidManifest.xml:96:13-37
154            android:stopWithTask="false" />
154-->[com.applovin:applovin-sdk:11.9.0] AndroidManifest.xml:97:13-41
155
156        <activity
156-->[com.google.android.gms:play-services-base:17.6.0] AndroidManifest.xml:23:9-26:75
157            android:name="com.google.android.gms.common.api.GoogleApiActivity"
157-->[com.google.android.gms:play-services-base:17.6.0] AndroidManifest.xml:24:13-79
158            android:exported="false"
158-->[com.google.android.gms:play-services-base:17.6.0] AndroidManifest.xml:25:13-37
159            android:theme="@android:style/Theme.Translucent.NoTitleBar" />
159-->[com.google.android.gms:play-services-base:17.6.0] AndroidManifest.xml:26:13-72
160
161        <meta-data
161-->[com.google.android.gms:play-services-basement:18.1.0] AndroidManifest.xml:21:9-23:69
162            android:name="com.google.android.gms.version"
162-->[com.google.android.gms:play-services-basement:18.1.0] AndroidManifest.xml:22:13-58
163            android:value="@integer/google_play_services_version" /> <!-- The activities will be merged into the manifest of the hosting app. -->
163-->[com.google.android.gms:play-services-basement:18.1.0] AndroidManifest.xml:23:13-66
164        <activity
164-->[com.google.android.play:core-common:2.0.2] AndroidManifest.xml:14:9-18:65
165            android:name="com.google.android.play.core.common.PlayCoreDialogWrapperActivity"
165-->[com.google.android.play:core-common:2.0.2] AndroidManifest.xml:15:13-93
166            android:exported="false"
166-->[com.google.android.play:core-common:2.0.2] AndroidManifest.xml:16:13-37
167            android:stateNotNeeded="true"
167-->[com.google.android.play:core-common:2.0.2] AndroidManifest.xml:17:13-42
168            android:theme="@style/Theme.PlayCore.Transparent" />
168-->[com.google.android.play:core-common:2.0.2] AndroidManifest.xml:18:13-62
169    </application>
170
171</manifest>